<?xml version="1.0" encoding="UTF-8"?>
<!-- Generated by org.testng.reporters.JUnitReportReporter -->
<testsuite hostname="FRT_DZAMORA" name="com.integrationmaven.testng.FirstExampleWithTestNG" tests="1" failures="0" timestamp="11 Jun 2020 22:15:54 GMT" time="2.160" errors="0">
  <testcase name="searchAndroidInfo" time="2.160" classname="com.integrationmaven.testng.FirstExampleWithTestNG"/>
</testsuite> <!-- com.integrationmaven.testng.FirstExampleWithTestNG -->
